<?xml version="1.0" encoding="UTF-8"?>
<!-- Generated by org.testng.reporters.JUnitXMLReporter -->
<testsuite ignored="3" hostname="USMUMSAMJAIN01" failures="0" tests="1" name="Default test" time="4.639" errors="0" timestamp="2024-01-01T12:28:33 IST">
  <testcase classname="com.booking.Test.BookingTest" name="createAirlineFromString" time="4.599"/>
  <testcase classname="com.booking.Test.BookingTest" name="createBookingUsingPojo" time="0.0">
    <ignored/>
  </testcase> <!-- createBookingUsingPojo -->
  <testcase classname="com.booking.Test.BookingTest" name="createBookingAndVerifyResponse" time="0.0">
    <ignored/>
  </testcase> <!-- createBookingAndVerifyResponse -->
  <testcase classname="com.booking.Test.BookingTest" name="createAirline" time="0.0">
    <ignored/>
  </testcase> <!-- createAirline -->
</testsuite> <!-- Default test -->
